This file contains any messages produced by compilers while
running configure, to aid debugging if configure makes a mistake.

It was created by configure, which was
generated by GNU Autoconf 2.59.  Invocation command line was

  $ ./configure 

## --------- ##
## Platform. ##
## --------- ##

hostname = belleau
uname -m = x86_64
uname -r = 3.10.17
uname -s = Linux
uname -v = #2 SMP Wed Oct 23 16:34:38 CDT 2013

/usr/bin/uname -p = Intel(R) Core(TM) i5-3550 CPU @ 3.30GHz
/bin/uname -X     = unknown

/bin/arch              = x86_64
/usr/bin/arch -k       = unknown
/usr/convex/getsysinfo = unknown
hostinfo               = unknown
/bin/machine           = unknown
/usr/bin/oslevel       = unknown
/bin/universe          = unknown

PATH: /usr/local/sbin
PATH: /usr/sbin
PATH: /sbin
PATH: /usr/local/bin
PATH: /usr/bin
PATH: /bin
PATH: /usr/games
PATH: /usr/lib/java/bin
PATH: /usr/lib/java/jre/bin
PATH: /usr/lib/java/bin
PATH: /usr/lib64/qt/bin


## ----------- ##
## Core tests. ##
## ----------- ##

configure:1304: checking for a BSD-compatible install
configure:1359: result: /usr/bin/ginstall -c
configure:1370: checking whether build environment is sane
configure:1413: result: yes
configure:1478: checking for gawk
configure:1494: found /usr/bin/gawk
configure:1504: result: gawk
configure:1514: checking whether make sets $(MAKE)
configure:1534: result: yes
configure:1709: checking build system type
configure:1727: result: x86_64-unknown-linux-gnu
configure:1735: checking host system type
configure:1749: result: x86_64-unknown-linux-gnu
configure:1804: checking for gcc
configure:1820: found /usr/bin/gcc
configure:1830: result: gcc
configure:2074: checking for C compiler version
configure:2077: gcc --version </dev/null >&5
gcc (GCC) 4.8.2
Copyright (C) 2013 Free Software Foundation, Inc.
This is free software; see the source for copying conditions.  There is NO
warranty; not even for MERCHANTABILITY or FITNESS FOR A PARTICULAR PURPOSE.

configure:2080: $? = 0
configure:2082: gcc -v </dev/null >&5
Reading specs from /usr/lib64/gcc/x86_64-slackware-linux/4.8.2/specs
COLLECT_GCC=gcc
COLLECT_LTO_WRAPPER=/usr/libexec/gcc/x86_64-slackware-linux/4.8.2/lto-wrapper
Target: x86_64-slackware-linux
Configured with: ../gcc-4.8.2/configure --prefix=/usr --libdir=/usr/lib64 --mandir=/usr/man --infodir=/usr/info --enable-shared --enable-bootstrap --enable-languages=ada,c,c++,fortran,go,java,lto,objc --enable-threads=posix --enable-checking=release --enable-objc-gc --with-system-zlib --with-python-dir=/lib64/python2.7/site-packages --disable-libunwind-exceptions --enable-__cxa_atexit --enable-libssp --enable-lto --with-gnu-ld --verbose --enable-java-home --with-java-home=/usr/lib64/jvm/jre --with-jvm-root-dir=/usr/lib64/jvm --with-jvm-jar-dir=/usr/lib64/jvm/jvm-exports --with-arch-directory=amd64 --with-antlr-jar=/tmp/gcc/antlr-runtime-3.4.jar --enable-java-awt=gtk --disable-gtktest --disable-multilib --target=x86_64-slackware-linux --build=x86_64-slackware-linux --host=x86_64-slackware-linux
Thread model: posix
gcc version 4.8.2 (GCC) 
configure:2085: $? = 0
configure:2087: gcc -V </dev/null >&5
gcc: error: unrecognized command line option '-V'
gcc: fatal error: no input files
compilation terminated.
configure:2090: $? = 1
configure:2113: checking for C compiler default output file name
configure:2116: gcc    conftest.c  >&5
configure:2119: $? = 0
configure:2165: result: a.out
configure:2170: checking whether the C compiler works
configure:2176: ./a.out
configure:2179: $? = 0
configure:2196: result: yes
configure:2203: checking whether we are cross compiling
configure:2205: result: no
configure:2208: checking for suffix of executables
configure:2210: gcc -o conftest    conftest.c  >&5
configure:2213: $? = 0
configure:2238: result: 
configure:2244: checking for suffix of object files
configure:2265: gcc -c   conftest.c >&5
configure:2268: $? = 0
configure:2290: result: o
configure:2294: checking whether we are using the GNU C compiler
configure:2318: gcc -c   conftest.c >&5
configure:2324: $? = 0
configure:2328: test -z 
			 || test ! -s conftest.err
configure:2331: $? = 0
configure:2334: test -s conftest.o
configure:2337: $? = 0
configure:2350: result: yes
configure:2356: checking whether gcc accepts -g
configure:2377: gcc -c -g  conftest.c >&5
configure:2383: $? = 0
configure:2387: test -z 
			 || test ! -s conftest.err
configure:2390: $? = 0
configure:2393: test -s conftest.o
configure:2396: $? = 0
configure:2407: result: yes
configure:2424: checking for gcc option to accept ANSI C
configure:2494: gcc  -c -g -O2  conftest.c >&5
configure:2500: $? = 0
configure:2504: test -z 
			 || test ! -s conftest.err
configure:2507: $? = 0
configure:2510: test -s conftest.o
configure:2513: $? = 0
configure:2531: result: none needed
configure:2549: gcc -c -g -O2  conftest.c >&5
conftest.c:2:3: error: unknown type name 'choke'
   choke me
   ^
conftest.c:2:3: error: expected '=', ',', ';', 'asm' or '__attribute__' at end of input
configure:2555: $? = 1
configure: failed program was:
| #ifndef __cplusplus
|   choke me
| #endif
configure:2699: checking for style of include used by make
configure:2727: result: GNU
configure:2755: checking dependency style of gcc
configure:2845: result: gcc3
configure:2866: checking for gawk
configure:2892: result: gawk
configure:2906: checking for bison
configure:2922: found /usr/bin/bison
configure:2932: result: bison -y
configure:2948: checking for flex
configure:2964: found /usr/bin/flex
configure:2974: result: flex
configure:2987: checking for yywrap in -lfl
configure:3017: gcc -o conftest -g -O2   conftest.c -lfl   >&5
configure:3023: $? = 0
configure:3027: test -z 
			 || test ! -s conftest.err
configure:3030: $? = 0
configure:3033: test -s conftest
configure:3036: $? = 0
configure:3049: result: yes
configure:3127: checking lex output file root
configure:3138: flex conftest.l
configure:3141: $? = 0
configure:3153: result: lex.yy
configure:3158: checking whether yytext is a pointer
configure:3174: gcc -o conftest -g -O2   conftest.c  -lfl >&5
configure:3180: $? = 0
configure:3184: test -z 
			 || test ! -s conftest.err
configure:3187: $? = 0
configure:3190: test -s conftest
configure:3193: $? = 0
configure:3207: result: yes
configure:3231: checking for a BSD-compatible install
configure:3286: result: /usr/bin/ginstall -c
configure:3297: checking whether make sets $(MAKE)
configure:3317: result: yes
configure:3367: checking for ranlib
configure:3383: found /usr/bin/ranlib
configure:3394: result: ranlib
configure:3408: checking for main in -lfl
configure:3432: gcc -o conftest -g -O2   conftest.c -lfl   >&5
configure:3438: $? = 0
configure:3442: test -z 
			 || test ! -s conftest.err
configure:3445: $? = 0
configure:3448: test -s conftest
configure:3451: $? = 0
configure:3464: result: yes
configure:3476: checking for pcap_open_offline in -lpcap
configure:3506: gcc -o conftest -g -O2   conftest.c -lpcap  -lfl  >&5
configure:3512: $? = 0
configure:3516: test -z 
			 || test ! -s conftest.err
configure:3519: $? = 0
configure:3522: test -s conftest
configure:3525: $? = 0
configure:3538: result: yes
configure:3555: checking how to run the C preprocessor
configure:3590: gcc -E  conftest.c
configure:3596: $? = 0
configure:3628: gcc -E  conftest.c
conftest.c:14:28: fatal error: ac_nonexistent.h: No such file or directory
 #include <ac_nonexistent.h>
                            ^
compilation terminated.
configure:3634: $? = 1
configure: failed program was:
| /* confdefs.h.  */
| 
| #define PACKAGE_NAME ""
| #define PACKAGE_TARNAME ""
| #define PACKAGE_VERSION ""
| #define PACKAGE_STRING ""
| #define PACKAGE_BUGREPORT ""
| #define PACKAGE "tcpxtract"
| #define VERSION "1.0.1"
| #define YYTEXT_POINTER 1
| #define HAVE_LIBFL 1
| #define HAVE_LIBPCAP 1
| /* end confdefs.h.  */
| #include <ac_nonexistent.h>
configure:3673: result: gcc -E
configure:3697: gcc -E  conftest.c
configure:3703: $? = 0
configure:3735: gcc -E  conftest.c
conftest.c:14:28: fatal error: ac_nonexistent.h: No such file or directory
 #include <ac_nonexistent.h>
                            ^
compilation terminated.
configure:3741: $? = 1
configure: failed program was:
| /* confdefs.h.  */
| 
| #define PACKAGE_NAME ""
| #define PACKAGE_TARNAME ""
| #define PACKAGE_VERSION ""
| #define PACKAGE_STRING ""
| #define PACKAGE_BUGREPORT ""
| #define PACKAGE "tcpxtract"
| #define VERSION "1.0.1"
| #define YYTEXT_POINTER 1
| #define HAVE_LIBFL 1
| #define HAVE_LIBPCAP 1
| /* end confdefs.h.  */
| #include <ac_nonexistent.h>
configure:3785: checking for egrep
configure:3795: result: grep -E
configure:3800: checking for ANSI C header files
configure:3825: gcc -c -g -O2  conftest.c >&5
configure:3831: $? = 0
configure:3835: test -z 
			 || test ! -s conftest.err
configure:3838: $? = 0
configure:3841: test -s conftest.o
configure:3844: $? = 0
configure:3933: gcc -o conftest -g -O2   conftest.c -lpcap -lfl  >&5
conftest.c: In function 'main':
conftest.c:31:7: warning: incompatible implicit declaration of built-in function 'exit' [enabled by default]
       exit(2);
       ^
configure:3936: $? = 0
configure:3938: ./conftest
configure:3941: $? = 0
configure:3956: result: yes
configure:4108: creating ./config.status

## ---------------------- ##
## Running config.status. ##
## ---------------------- ##

This file was extended by config.status, which was
generated by GNU Autoconf 2.59.  Invocation command line was

  CONFIG_FILES    = 
  CONFIG_HEADERS  = 
  CONFIG_LINKS    = 
  CONFIG_COMMANDS = 
  $ ./config.status 

on belleau

config.status:695: creating Makefile
config.status:878: executing depfiles commands

## ---------------- ##
## Cache variables. ##
## ---------------- ##

ac_cv_build=x86_64-unknown-linux-gnu
ac_cv_build_alias=x86_64-unknown-linux-gnu
ac_cv_c_compiler_gnu=yes
ac_cv_env_CC_set=
ac_cv_env_CC_value=
ac_cv_env_CFLAGS_set=
ac_cv_env_CFLAGS_value=
ac_cv_env_CPPFLAGS_set=
ac_cv_env_CPPFLAGS_value=
ac_cv_env_CPP_set=
ac_cv_env_CPP_value=
ac_cv_env_LDFLAGS_set=
ac_cv_env_LDFLAGS_value=
ac_cv_env_build_alias_set=
ac_cv_env_build_alias_value=
ac_cv_env_host_alias_set=
ac_cv_env_host_alias_value=
ac_cv_env_target_alias_set=
ac_cv_env_target_alias_value=
ac_cv_exeext=
ac_cv_header_stdc=yes
ac_cv_host=x86_64-unknown-linux-gnu
ac_cv_host_alias=x86_64-unknown-linux-gnu
ac_cv_lib_fl_main=yes
ac_cv_lib_fl_yywrap=yes
ac_cv_lib_pcap_pcap_open_offline=yes
ac_cv_objext=o
ac_cv_path_install='/usr/bin/ginstall -c'
ac_cv_prog_AWK=gawk
ac_cv_prog_CPP='gcc -E'
ac_cv_prog_LEX=flex
ac_cv_prog_YACC='bison -y'
ac_cv_prog_ac_ct_CC=gcc
ac_cv_prog_ac_ct_RANLIB=ranlib
ac_cv_prog_cc_g=yes
ac_cv_prog_cc_stdc=
ac_cv_prog_egrep='grep -E'
ac_cv_prog_lex_root=lex.yy
ac_cv_prog_lex_yytext_pointer=yes
ac_cv_prog_make_make_set=yes
am_cv_CC_dependencies_compiler_type=gcc3

## ----------------- ##
## Output variables. ##
## ----------------- ##

ACLOCAL='${SHELL} /home/barry/Dropbox/Forensics/GitHub/tcpxtract/tcpxtract-1.0.1/missing --run aclocal-1.9'
AMDEPBACKSLASH='\'
AMDEP_FALSE='#'
AMDEP_TRUE=''
AMTAR='${SHELL} /home/barry/Dropbox/Forensics/GitHub/tcpxtract/tcpxtract-1.0.1/missing --run tar'
AUTOCONF='${SHELL} /home/barry/Dropbox/Forensics/GitHub/tcpxtract/tcpxtract-1.0.1/missing --run autoconf'
AUTOHEADER='${SHELL} /home/barry/Dropbox/Forensics/GitHub/tcpxtract/tcpxtract-1.0.1/missing --run autoheader'
AUTOMAKE='${SHELL} /home/barry/Dropbox/Forensics/GitHub/tcpxtract/tcpxtract-1.0.1/missing --run automake-1.9'
AWK='gawk'
CC='gcc'
CCDEPMODE='depmode=gcc3'
CFLAGS='-g -O2'
CPP='gcc -E'
CPPFLAGS=''
CYGPATH_W='echo'
DEFS='-DPACKAGE_NAME=\"\" -DPACKAGE_TARNAME=\"\" -DPACKAGE_VERSION=\"\" -DPACKAGE_STRING=\"\" -DPACKAGE_BUGREPORT=\"\" -DPACKAGE=\"tcpxtract\" -DVERSION=\"1.0.1\" -DYYTEXT_POINTER=1 -DHAVE_LIBFL=1 -DHAVE_LIBPCAP=1 -DSTDC_HEADERS=1 '
DEPDIR='.deps'
ECHO_C=''
ECHO_N='-n'
ECHO_T=''
EGREP='grep -E'
EXEEXT=''
INSTALL_DATA='${INSTALL} -m 644'
INSTALL_PROGRAM='${INSTALL}'
INSTALL_SCRIPT='${INSTALL}'
INSTALL_STRIP_PROGRAM='${SHELL} $(install_sh) -c -s'
LDFLAGS=''
LEX='flex'
LEXLIB='-lfl'
LEX_OUTPUT_ROOT='lex.yy'
LIBOBJS=''
LIBS='-lpcap -lfl '
LTLIBOBJS=''
MAKEINFO='${SHELL} /home/barry/Dropbox/Forensics/GitHub/tcpxtract/tcpxtract-1.0.1/missing --run makeinfo'
OBJEXT='o'
PACKAGE='tcpxtract'
PACKAGE_BUGREPORT=''
PACKAGE_NAME=''
PACKAGE_STRING=''
PACKAGE_TARNAME=''
PACKAGE_VERSION=''
PATH_SEPARATOR=':'
RANLIB='ranlib'
SET_MAKE=''
SHELL='/bin/sh'
STRIP=''
VERSION='1.0.1'
YACC='bison -y'
ac_ct_CC='gcc'
ac_ct_RANLIB='ranlib'
ac_ct_STRIP=''
am__fastdepCC_FALSE='#'
am__fastdepCC_TRUE=''
am__include='include'
am__leading_dot='.'
am__quote=''
am__tar='${AMTAR} chof - "$$tardir"'
am__untar='${AMTAR} xf -'
bindir='${exec_prefix}/bin'
build='x86_64-unknown-linux-gnu'
build_alias=''
build_cpu='x86_64'
build_os='linux-gnu'
build_vendor='unknown'
datadir='${prefix}/share'
exec_prefix='${prefix}'
host='x86_64-unknown-linux-gnu'
host_alias=''
host_cpu='x86_64'
host_os='linux-gnu'
host_vendor='unknown'
includedir='${prefix}/include'
infodir='${prefix}/info'
install_sh='/home/barry/Dropbox/Forensics/GitHub/tcpxtract/tcpxtract-1.0.1/install-sh'
libdir='${exec_prefix}/lib'
libexecdir='${exec_prefix}/libexec'
localstatedir='${prefix}/var'
mandir='${prefix}/man'
mkdir_p='mkdir -p --'
oldincludedir='/usr/include'
prefix='/usr/local'
program_transform_name='s,x,x,'
sbindir='${exec_prefix}/sbin'
sharedstatedir='${prefix}/com'
sysconfdir='${prefix}/etc'
target_alias=''

## ----------- ##
## confdefs.h. ##
## ----------- ##

#define HAVE_LIBFL 1
#define HAVE_LIBPCAP 1
#define PACKAGE "tcpxtract"
#define PACKAGE_BUGREPORT ""
#define PACKAGE_NAME ""
#define PACKAGE_STRING ""
#define PACKAGE_TARNAME ""
#define PACKAGE_VERSION ""
#define STDC_HEADERS 1
#define VERSION "1.0.1"
#define YYTEXT_POINTER 1

configure: exit 0
